<?xml version="1.0" encoding="UTF-8"?>
<!-- Generated by org.testng.reporters.JUnitReportReporter -->
<testsuite hostname="WUSSC250374-ZV8" failures="0" tests="2" name="Test.Day1" time="0.004" errors="0" timestamp="2024-11-24T11:21:56 PST" skipped="0">
  <testcase classname="Test.Day1" name="secondTest" time="0.001"/>
  <testcase classname="Test.Day1" name="demo" time="0.003"/>
</testsuite> <!-- Test.Day1 -->
