<?xml version="1.0" encoding="UTF-8"?>
<!-- Generated by org.testng.reporters.JUnitReportReporter -->
<testsuite hostname="WUSSC250374-ZV8" failures="0" tests="4" name="Test.Day4" time="0.003" errors="0" timestamp="2024-11-24T11:21:56 PST" skipped="0">
  <testcase classname="Test.Day4" name="mobileLoginHomeLoan" time="0.000"/>
  <testcase classname="Test.Day4" name="loginAPIHomeLoan" time="0.001"/>
  <testcase classname="Test.Day4" name="webLoginHomeLoan" time="0.001"/>
  <testcase classname="Test.Day4" name="loginAPIHomeLoan" time="0.001"/>
</testsuite> <!-- Test.Day4 -->
