<?xml version="1.0" encoding="UTF-8"?>
<!-- Generated by org.testng.reporters.JUnitReportReporter -->
<testsuite hostname="WUSSC250374-ZV8" failures="0" tests="1" name="Test.Day2" time="0.001" errors="0" timestamp="2024-11-24T11:21:56 PST" skipped="0">
  <testcase classname="Test.Day2" name="loan" time="0.001"/>
</testsuite> <!-- Test.Day2 -->
